<?xml version="1.0" encoding="UTF-8"?>
<robot generator="Robot 5.0.1 (Python 3.10.6 on win32)" generated="20220928 20:01:50.061" rpa="false" schemaversion="3">
<suite id="s1" name="Test" source="C:\Users\Note\robot\Tests\test.robot">
<test id="s1-t1" name="User can open &quot;scripting robot&quot; slide" line="16">
<kw name="Begin Web Test" type="SETUP">
<kw name="Open Browser" library="SeleniumLibrary">
<arg>abount:blank</arg>
<arg>${BROWSER}</arg>
<doc>Opens a new browser instance to the optional ``url``.</doc>
<msg timestamp="20220928 20:01:50.336" level="INFO">Opening browser 'edge' to base url 'abount:blank'.</msg>
<status status="PASS" starttime="20220928 20:01:50.336" endtime="20220928 20:01:51.633"/>
</kw>
<kw name="Maximize Browser Window" library="SeleniumLibrary">
<doc>Maximizes current browser window.</doc>
<status status="PASS" starttime="20220928 20:01:51.633" endtime="20220928 20:01:51.809"/>
</kw>
<status status="PASS" starttime="20220928 20:01:50.336" endtime="20220928 20:01:51.809"/>
</kw>
<kw name="Open Slideshare Website">
<kw name="Loading Slideshare Web">
<kw name="Go To" library="SeleniumLibrary">
<arg>${SLIDESHARE_URL}</arg>
<doc>Navigates the current browser window to the provided ``url``.</doc>
<msg timestamp="20220928 20:01:51.809" level="INFO">Opening url 'https://www.slideshare.net/'</msg>
<status status="PASS" starttime="20220928 20:01:51.809" endtime="20220928 20:01:53.206"/>
</kw>
<status status="PASS" starttime="20220928 20:01:51.809" endtime="20220928 20:01:53.206"/>
</kw>
<kw name="Verifying Slideshare Web Loaded">
<kw name="Page Should Contain Image" library="SeleniumLibrary">
<arg>SlideShare a Scribd company logo</arg>
<doc>Verifies image identified by ``locator`` is found from current page.</doc>
<msg timestamp="20220928 20:01:53.262" level="INFO">Current page contains image 'SlideShare a Scribd company logo'.</msg>
<status status="PASS" starttime="20220928 20:01:53.206" endtime="20220928 20:01:53.262"/>
</kw>
<status status="PASS" starttime="20220928 20:01:53.206" endtime="20220928 20:01:53.262"/>
</kw>
<status status="PASS" starttime="20220928 20:01:51.809" endtime="20220928 20:01:53.262"/>
</kw>
<kw name="Perform Search">
<arg>${SEARCH_KEYWORD}</arg>
<kw name="Enter Search Keywords">
<arg>${SEARCH_KEYWORD}</arg>
<kw name="Input Text" library="SeleniumLibrary">
<arg>id:nav-search-query</arg>
<arg>${SEARCH_KEYWORD}</arg>
<doc>Types the given ``text`` into the text field identified by ``locator``.</doc>
<msg timestamp="20220928 20:01:53.262" level="INFO">Typing text 'Robot framework' into text field 'id:nav-search-query'.</msg>
<status status="PASS" starttime="20220928 20:01:53.262" endtime="20220928 20:01:53.399"/>
</kw>
<status status="PASS" starttime="20220928 20:01:53.262" endtime="20220928 20:01:53.399"/>
</kw>
<kw name="Click Search Button">
<kw name="Click Button" library="SeleniumLibrary">
<arg>id:search-submit</arg>
<doc>Clicks the button identified by ``locator``.</doc>
<msg timestamp="20220928 20:01:53.407" level="INFO">Clicking button 'id:search-submit'.</msg>
<status status="PASS" starttime="20220928 20:01:53.399" endtime="20220928 20:01:55.719"/>
</kw>
<status status="PASS" starttime="20220928 20:01:53.399" endtime="20220928 20:01:55.719"/>
</kw>
<kw name="Verifying Search Results">
<arg>${SEARCH_KEYWORD}</arg>
<kw name="Page Should Contain" library="SeleniumLibrary">
<arg>results for ${SEARCH_KEYWORD}</arg>
<doc>Verifies that current page contains ``text``.</doc>
<msg timestamp="20220928 20:01:55.789" level="INFO">Current page contains text 'results for Robot framework'.</msg>
<status status="PASS" starttime="20220928 20:01:55.719" endtime="20220928 20:01:55.789"/>
</kw>
<status status="PASS" starttime="20220928 20:01:55.719" endtime="20220928 20:01:55.789"/>
</kw>
<status status="PASS" starttime="20220928 20:01:53.262" endtime="20220928 20:01:55.789"/>
</kw>
<kw name="Go To Page">
<arg>${PAGE_NUMBER}</arg>
<kw name="Scroll To Pagination">
<kw name="Scroll Element Into View" library="SeleniumLibrary">
<arg>class:current</arg>
<doc>Scrolls the element identified by ``locator`` into view.</doc>
<status status="PASS" starttime="20220928 20:01:55.789" endtime="20220928 20:01:56.085"/>
</kw>
<status status="PASS" starttime="20220928 20:01:55.789" endtime="20220928 20:01:56.085"/>
</kw>
<kw name="Click Link" library="SeleniumLibrary">
<arg>${page_number}</arg>
<doc>Clicks a link identified by ``locator``.</doc>
<msg timestamp="20220928 20:01:56.085" level="INFO">Clicking link '7'.</msg>
<status status="PASS" starttime="20220928 20:01:56.085" endtime="20220928 20:02:00.733"/>
</kw>
<kw name="Verifying Pagination Number">
<arg>${page_number}</arg>
<kw name="Element Should Contain" library="SeleniumLibrary">
<arg>class:result-count</arg>
<arg>${page_number}</arg>
<doc>Verifies that element ``locator`` contains text ``expected``.</doc>
<msg timestamp="20220928 20:02:00.789" level="INFO">Element 'class:result-count' contains text '7'.</msg>
<status status="PASS" starttime="20220928 20:02:00.733" endtime="20220928 20:02:00.789"/>
</kw>
<status status="PASS" starttime="20220928 20:02:00.733" endtime="20220928 20:02:00.789"/>
</kw>
<status status="PASS" starttime="20220928 20:01:55.789" endtime="20220928 20:02:00.789"/>
</kw>
<kw name="Select Slide">
<arg>${SLIDE_NAME}</arg>
<kw name="Click Link" library="SeleniumLibrary">
<arg>${slide_name}</arg>
<doc>Clicks a link identified by ``locator``.</doc>
<msg timestamp="20220928 20:02:00.789" level="INFO">Clicking link 'Scripting robot'.</msg>
<status status="PASS" starttime="20220928 20:02:00.789" endtime="20220928 20:02:10.285"/>
</kw>
<kw name="Verifying Slide Name">
<arg>${slide_name}</arg>
<kw name="Element Should Contain" library="SeleniumLibrary">
<arg>class:slideshow-header</arg>
<arg>${slide_name}</arg>
<doc>Verifies that element ``locator`` contains text ``expected``.</doc>
<msg timestamp="20220928 20:02:10.338" level="INFO">Element 'class:slideshow-header' contains text 'Scripting robot'.</msg>
<status status="PASS" starttime="20220928 20:02:10.285" endtime="20220928 20:02:10.338"/>
</kw>
<status status="PASS" starttime="20220928 20:02:10.285" endtime="20220928 20:02:10.338"/>
</kw>
<status status="PASS" starttime="20220928 20:02:00.789" endtime="20220928 20:02:10.338"/>
</kw>
<kw name="Sleep" library="BuiltIn">
<arg>5</arg>
<doc>Pauses the test executed for the given time.</doc>
<msg timestamp="20220928 20:02:15.345" level="INFO">Slept 5 seconds</msg>
<status status="PASS" starttime="20220928 20:02:10.338" endtime="20220928 20:02:15.345"/>
</kw>
<kw name="End Web Test" type="TEARDOWN">
<kw name="Close Browser" library="SeleniumLibrary">
<doc>Closes the current browser.</doc>
<status status="PASS" starttime="20220928 20:02:15.345" endtime="20220928 20:02:17.533"/>
</kw>
<status status="PASS" starttime="20220928 20:02:15.345" endtime="20220928 20:02:17.533"/>
</kw>
<status status="PASS" starttime="20220928 20:01:50.336" endtime="20220928 20:02:17.533"/>
</test>
<status status="PASS" starttime="20220928 20:01:50.061" endtime="20220928 20:02:17.533"/>
</suite>
<statistics>
<total>
<stat pass="1" fail="0" skip="0">All Tests</stat>
</total>
<tag>
</tag>
<suite>
<stat pass="1" fail="0" skip="0" id="s1" name="Test">Test</stat>
</suite>
</statistics>
<errors>
</errors>
</robot>
