<?xml version="1.0" encoding="UTF-8"?>
<robot generator="Robot 5.0.1 (Python 3.10.6 on win32)" generated="20220926 21:17:02.694" rpa="false" schemaversion="3">
<suite id="s1" name="Test" source="C:\Users\Note\robot\Tests\test.robot">
<test id="s1-t1" name="User can search in google" line="18">
<kw name="Begin Web Test" type="SETUP">
<kw name="Open Browser" library="SeleniumLibrary">
<arg>abount:blank</arg>
<arg>${BROWSER}</arg>
<doc>Opens a new browser instance to the optional ``url``.</doc>
<msg timestamp="20220926 21:17:02.907" level="INFO">Opening browser 'edge' to base url 'abount:blank'.</msg>
<status status="PASS" starttime="20220926 21:17:02.907" endtime="20220926 21:17:04.153"/>
</kw>
<kw name="Maximize Browser Window" library="SeleniumLibrary">
<doc>Maximizes current browser window.</doc>
<status status="PASS" starttime="20220926 21:17:04.153" endtime="20220926 21:17:04.311"/>
</kw>
<status status="PASS" starttime="20220926 21:17:02.907" endtime="20220926 21:17:04.311"/>
</kw>
<kw name="Open Google Website">
<kw name="Loading Google Web">
<kw name="Go To" library="SeleniumLibrary">
<arg>${GOOGLE_URL}</arg>
<doc>Navigates the current browser window to the provided ``url``.</doc>
<msg timestamp="20220926 21:17:04.311" level="INFO">Opening url 'https://www.google.com/'</msg>
<status status="PASS" starttime="20220926 21:17:04.311" endtime="20220926 21:17:06.109"/>
</kw>
<status status="PASS" starttime="20220926 21:17:04.311" endtime="20220926 21:17:06.109"/>
</kw>
<kw name="Verifying Google Web Loaded">
<kw name="Page Should Contain Image" library="SeleniumLibrary">
<arg>Google</arg>
<doc>Verifies image identified by ``locator`` is found from current page.</doc>
<msg timestamp="20220926 21:17:06.133" level="INFO">Current page contains image 'Google'.</msg>
<status status="PASS" starttime="20220926 21:17:06.117" endtime="20220926 21:17:06.133"/>
</kw>
<status status="PASS" starttime="20220926 21:17:06.117" endtime="20220926 21:17:06.133"/>
</kw>
<status status="PASS" starttime="20220926 21:17:04.311" endtime="20220926 21:17:06.133"/>
</kw>
<kw name="Perform Google Search">
<kw name="Enter Search Keywords">
<arg>${SEARCH_KEYWORD}</arg>
<kw name="Input Text" library="SeleniumLibrary">
<arg>name:q</arg>
<arg>${SEARCH_KEYWORD}</arg>
<doc>Types the given ``text`` into the text field identified by ``locator``.</doc>
<msg timestamp="20220926 21:17:06.133" level="INFO">Typing text 'Robot Framework' into text field 'name:q'.</msg>
<status status="PASS" starttime="20220926 21:17:06.133" endtime="20220926 21:17:06.244"/>
</kw>
<status status="PASS" starttime="20220926 21:17:06.133" endtime="20220926 21:17:06.244"/>
</kw>
<kw name="Click Search Button">
<kw name="Click Button" library="SeleniumLibrary">
<arg>xpath:/html/body/div[1]/div[3]/form/div[1]/div[1]/div[3]/center/input[1]</arg>
<doc>Clicks the button identified by ``locator``.</doc>
<msg timestamp="20220926 21:17:06.244" level="INFO">Clicking button 'xpath:/html/body/div[1]/div[3]/form/div[1]/div[1]/div[3]/center/input[1]'.</msg>
<status status="PASS" starttime="20220926 21:17:06.244" endtime="20220926 21:17:08.278"/>
</kw>
<status status="PASS" starttime="20220926 21:17:06.244" endtime="20220926 21:17:08.278"/>
</kw>
<kw name="Verifying Search Results">
<arg>${SEARCH_KEYWORD}</arg>
<kw name="Page Should Contain" library="SeleniumLibrary">
<arg>${SEARCH_KEYWORD}</arg>
<doc>Verifies that current page contains ``text``.</doc>
<msg timestamp="20220926 21:17:08.310" level="INFO">Current page contains text 'Robot Framework'.</msg>
<status status="PASS" starttime="20220926 21:17:08.278" endtime="20220926 21:17:08.310"/>
</kw>
<status status="PASS" starttime="20220926 21:17:08.278" endtime="20220926 21:17:08.310"/>
</kw>
<status status="PASS" starttime="20220926 21:17:06.133" endtime="20220926 21:17:08.310"/>
</kw>
<kw name="End Web Test" type="TEARDOWN">
<kw name="Close Browser" library="SeleniumLibrary">
<doc>Closes the current browser.</doc>
<status status="PASS" starttime="20220926 21:17:08.310" endtime="20220926 21:17:10.475"/>
</kw>
<status status="PASS" starttime="20220926 21:17:08.310" endtime="20220926 21:17:10.475"/>
</kw>
<status status="PASS" starttime="20220926 21:17:02.907" endtime="20220926 21:17:10.475"/>
</test>
<test id="s1-t2" name="User can post in facebook" line="22">
<kw name="Begin Web Test" type="SETUP">
<kw name="Open Browser" library="SeleniumLibrary">
<arg>abount:blank</arg>
<arg>${BROWSER}</arg>
<doc>Opens a new browser instance to the optional ``url``.</doc>
<msg timestamp="20220926 21:17:10.475" level="INFO">Opening browser 'edge' to base url 'abount:blank'.</msg>
<status status="PASS" starttime="20220926 21:17:10.475" endtime="20220926 21:17:11.702"/>
</kw>
<kw name="Maximize Browser Window" library="SeleniumLibrary">
<doc>Maximizes current browser window.</doc>
<status status="PASS" starttime="20220926 21:17:11.702" endtime="20220926 21:17:11.880"/>
</kw>
<status status="PASS" starttime="20220926 21:17:10.475" endtime="20220926 21:17:11.880"/>
</kw>
<kw name="Open Facebook Website">
<kw name="Loading Facebook Web">
<kw name="Go To" library="SeleniumLibrary">
<arg>${FACEBOOK_URL}</arg>
<doc>Navigates the current browser window to the provided ``url``.</doc>
<msg timestamp="20220926 21:17:11.896" level="INFO">Opening url 'https://www.facebook.com/'</msg>
<status status="PASS" starttime="20220926 21:17:11.896" endtime="20220926 21:17:14.600"/>
</kw>
<status status="PASS" starttime="20220926 21:17:11.896" endtime="20220926 21:17:14.600"/>
</kw>
<kw name="Verifying Facebook Web loaded">
<kw name="Page Should Contain Image" library="SeleniumLibrary">
<arg>Facebook</arg>
<doc>Verifies image identified by ``locator`` is found from current page.</doc>
<msg timestamp="20220926 21:17:14.616" level="INFO">Current page contains image 'Facebook'.</msg>
<status status="PASS" starttime="20220926 21:17:14.600" endtime="20220926 21:17:14.616"/>
</kw>
<status status="PASS" starttime="20220926 21:17:14.600" endtime="20220926 21:17:14.616"/>
</kw>
<status status="PASS" starttime="20220926 21:17:11.880" endtime="20220926 21:17:14.616"/>
</kw>
<kw name="Login to Facebook">
<kw name="Enter Email">
<arg>${FACEBOOK_EMAIL}</arg>
<kw name="Input Text" library="SeleniumLibrary">
<arg>id:email</arg>
<arg>${FACEBOOK_EMAIL}</arg>
<doc>Types the given ``text`` into the text field identified by ``locator``.</doc>
<msg timestamp="20220926 21:17:14.616" level="INFO">Typing text 'gwzwtxh_bharambeman_1664185345@tfbnw.net' into text field 'id:email'.</msg>
<status status="PASS" starttime="20220926 21:17:14.616" endtime="20220926 21:17:14.726"/>
</kw>
<status status="PASS" starttime="20220926 21:17:14.616" endtime="20220926 21:17:14.726"/>
</kw>
<kw name="Enter Password">
<arg>${FACEBOOK_PASSWORD}</arg>
<kw name="Input Text" library="SeleniumLibrary">
<arg>id:pass</arg>
<arg>${FACEBOOK_PASSWORD}</arg>
<doc>Types the given ``text`` into the text field identified by ``locator``.</doc>
<msg timestamp="20220926 21:17:14.726" level="INFO">Typing text 'mwvukk1qo27' into text field 'id:pass'.</msg>
<status status="PASS" starttime="20220926 21:17:14.726" endtime="20220926 21:17:14.817"/>
</kw>
<status status="PASS" starttime="20220926 21:17:14.726" endtime="20220926 21:17:14.817"/>
</kw>
<kw name="Click Login Button">
<kw name="Click Button" library="SeleniumLibrary">
<arg>name:login</arg>
<doc>Clicks the button identified by ``locator``.</doc>
<msg timestamp="20220926 21:17:14.817" level="INFO">Clicking button 'name:login'.</msg>
<status status="PASS" starttime="20220926 21:17:14.817" endtime="20220926 21:17:14.878"/>
</kw>
<status status="PASS" starttime="20220926 21:17:14.817" endtime="20220926 21:17:14.878"/>
</kw>
<kw name="Verifying Facebook login">
<kw name="Page Should Contain" library="SeleniumLibrary">
<arg>Messenger</arg>
<doc>Verifies that current page contains ``text``.</doc>
<msg timestamp="20220926 21:17:18.975" level="INFO">Current page contains text 'Messenger'.</msg>
<status status="PASS" starttime="20220926 21:17:14.878" endtime="20220926 21:17:18.975"/>
</kw>
<status status="PASS" starttime="20220926 21:17:14.878" endtime="20220926 21:17:18.975"/>
</kw>
<status status="PASS" starttime="20220926 21:17:14.616" endtime="20220926 21:17:18.975"/>
</kw>
<kw name="Create New Post">
<kw name="Click Create New Post Button">
<kw name="Click Element" library="SeleniumLibrary">
<arg>xpath:/html/body/div[1]/div[1]/div[1]/div/div[2]/div[4]/div[1]/div[3]/span/div</arg>
<doc>Click the element identified by ``locator``.</doc>
<msg timestamp="20220926 21:17:18.991" level="INFO">Clicking element 'xpath:/html/body/div[1]/div[1]/div[1]/div/div[2]/div[4]/div[1]/div[3]/span/div'.</msg>
<status status="PASS" starttime="20220926 21:17:18.991" endtime="20220926 21:17:19.162"/>
</kw>
<kw name="Wait Until Element Is Visible" library="SeleniumLibrary">
<arg>xpath:/html/body/div[1]/div[1]/div[1]/div/div[2]/div[4]/div[2]/div/div/div[1]/div[1]/div/div/div/div/div/div/div/div[2]/div[1]/div</arg>
<arg>2</arg>
<doc>Waits until the element ``locator`` is visible.</doc>
<status status="PASS" starttime="20220926 21:17:19.162" endtime="20220926 21:17:19.503"/>
</kw>
<kw name="Click Element" library="SeleniumLibrary">
<arg>xpath:/html/body/div[1]/div[1]/div[1]/div/div[2]/div[4]/div[2]/div/div/div[1]/div[1]/div/div/div/div/div/div/div/div[2]/div[1]/div</arg>
<doc>Click the element identified by ``locator``.</doc>
<msg timestamp="20220926 21:17:19.503" level="INFO">Clicking element 'xpath:/html/body/div[1]/div[1]/div[1]/div/div[2]/div[4]/div[2]/div/div/div[1]/div[1]/div/div/div/div/div/div/div/div[2]/div[1]/div'.</msg>
<status status="PASS" starttime="20220926 21:17:19.503" endtime="20220926 21:17:19.655"/>
</kw>
<kw name="Wait Until Element Is Visible" library="SeleniumLibrary">
<arg>xpath:/html/body/div[4]/div[1]/div/div[2]/div/div/div/form/div/div[1]/div/div/div/div[2]/div[1]/div[1]/div[1]</arg>
<doc>Waits until the element ``locator`` is visible.</doc>
<status status="PASS" starttime="20220926 21:17:19.655" endtime="20220926 21:17:20.423"/>
</kw>
<status status="PASS" starttime="20220926 21:17:18.991" endtime="20220926 21:17:20.423"/>
</kw>
<kw name="Generate Random String" library="String">
<var>${FACEBOOK_MSG}</var>
<arg>8</arg>
<arg>[LOWER]</arg>
<doc>Generates a string with a desired ``length`` from the given ``chars``.</doc>
<msg timestamp="20220926 21:17:20.423" level="INFO">${FACEBOOK_MSG} = scrdmafl</msg>
<status status="PASS" starttime="20220926 21:17:20.423" endtime="20220926 21:17:20.423"/>
</kw>
<kw name="Enter Post Message">
<arg>${FACEBOOK_MSG}</arg>
<kw name="Input Text" library="SeleniumLibrary">
<arg>xpath:/html/body/div[4]/div[1]/div/div[2]/div/div/div/form/div/div[1]/div/div/div/div[2]/div[1]/div[1]/div[1]/div/div/div/p</arg>
<arg>${POST_MSG}</arg>
<doc>Types the given ``text`` into the text field identified by ``locator``.</doc>
<msg timestamp="20220926 21:17:20.423" level="INFO">Typing text 'scrdmafl' into text field 'xpath:/html/body/div[4]/div[1]/div/div[2]/div/div/div/form/div/div[1]/div/div/div/div[2]/div[1]/div[1]/div[1]/div/div/div/p'.</msg>
<status status="PASS" starttime="20220926 21:17:20.423" endtime="20220926 21:17:20.740"/>
</kw>
<status status="PASS" starttime="20220926 21:17:20.423" endtime="20220926 21:17:20.740"/>
</kw>
<kw name="Click Post Button">
<kw name="Click Element" library="SeleniumLibrary">
<arg>xpath:/html/body/div[4]/div[1]/div/div[2]/div/div/div/form/div/div[1]/div/div/div/div[3]/div[2]/div</arg>
<doc>Click the element identified by ``locator``.</doc>
<msg timestamp="20220926 21:17:20.740" level="INFO">Clicking element 'xpath:/html/body/div[4]/div[1]/div/div[2]/div/div/div/form/div/div[1]/div/div/div/div[3]/div[2]/div'.</msg>
<status status="PASS" starttime="20220926 21:17:20.740" endtime="20220926 21:17:20.844"/>
</kw>
<kw name="Sleep" library="BuiltIn">
<arg>1</arg>
<doc>Pauses the test executed for the given time.</doc>
<msg timestamp="20220926 21:17:21.859" level="INFO">Slept 1 second</msg>
<status status="PASS" starttime="20220926 21:17:20.844" endtime="20220926 21:17:21.859"/>
</kw>
<kw name="Loading Facebook Web">
<kw name="Go To" library="SeleniumLibrary">
<arg>${FACEBOOK_URL}</arg>
<doc>Navigates the current browser window to the provided ``url``.</doc>
<msg timestamp="20220926 21:17:21.859" level="INFO">Opening url 'https://www.facebook.com/'</msg>
<status status="PASS" starttime="20220926 21:17:21.859" endtime="20220926 21:17:23.268"/>
</kw>
<status status="PASS" starttime="20220926 21:17:21.859" endtime="20220926 21:17:23.268"/>
</kw>
<status status="PASS" starttime="20220926 21:17:20.740" endtime="20220926 21:17:23.268"/>
</kw>
<kw name="Verifying Post Message">
<arg>${FACEBOOK_MSG}</arg>
<kw name="Page Should Contain" library="SeleniumLibrary">
<arg>${FACEBOOK_MSG}</arg>
<doc>Verifies that current page contains ``text``.</doc>
<msg timestamp="20220926 21:17:23.324" level="INFO">Current page contains text 'scrdmafl'.</msg>
<status status="PASS" starttime="20220926 21:17:23.268" endtime="20220926 21:17:23.324"/>
</kw>
<status status="PASS" starttime="20220926 21:17:23.268" endtime="20220926 21:17:23.324"/>
</kw>
<status status="PASS" starttime="20220926 21:17:18.991" endtime="20220926 21:17:23.324"/>
</kw>
<kw name="End Web Test" type="TEARDOWN">
<kw name="Close Browser" library="SeleniumLibrary">
<doc>Closes the current browser.</doc>
<status status="PASS" starttime="20220926 21:17:23.324" endtime="20220926 21:17:25.536"/>
</kw>
<status status="PASS" starttime="20220926 21:17:23.324" endtime="20220926 21:17:25.536"/>
</kw>
<status status="PASS" starttime="20220926 21:17:10.475" endtime="20220926 21:17:25.536"/>
</test>
<status status="PASS" starttime="20220926 21:17:02.694" endtime="20220926 21:17:25.536"/>
</suite>
<statistics>
<total>
<stat pass="2" fail="0" skip="0">All Tests</stat>
</total>
<tag>
</tag>
<suite>
<stat pass="2" fail="0" skip="0" id="s1" name="Test">Test</stat>
</suite>
</statistics>
<errors>
</errors>
</robot>
